

***********************************************************************
Fatal NI connect error 12547, connecting to:
 (DESCRIPTION=(ADDRESS=(PROTOCOL=beq)(PROGRAM=/u01/app/oracle/product/10.1.0/db_1/bin/oracle)(ARGV0=oracleSNIOV3)(ARGS='(DESCRIPTION=(LOCAL=YES)(ADDRESS=(PROTOCOL=beq)))')(DETACH=NO))(CONNECT_DATA=(CID=(PROGRAM=wyzldr@reaver2)(HOST=reaver2)(USER=oracle))))

  VERSION INFORMATION:
	TNS for Linux: Version 10.2.0.1.0 - Production
	Oracle Bequeath NT Protocol Adapter for Linux: Version 10.2.0.1.0 - Production
	TCP/IP NT Protocol Adapter for Linux: Version 10.2.0.1.0 - Production
  Time: 04-DEC-2008 04:46:56
  Tracing not turned on.
  Tns error struct:
    ns main err code: 12547
    TNS-12547: TNS:lost contact
    ns secondary err code: 12560
    nt main err code: 517
    TNS-00517: Lost contact
    nt secondary err code: 32


***********************************************************************
Fatal NI connect error 12547, connecting to:
 (DESCRIPTION=(ADDRESS=(PROTOCOL=beq)(PROGRAM=/u01/app/oracle/product/10.1.0/db_1/bin/oracle)(ARGV0=oracleSNIOV3)(ARGS='(DESCRIPTION=(LOCAL=YES)(ADDRESS=(PROTOCOL=beq)))')(DETACH=NO))(CONNECT_DATA=(CID=(PROGRAM=wyzldr@reaver2)(HOST=reaver2)(USER=oracle))))

  VERSION INFORMATION:
	TNS for Linux: Version 10.2.0.1.0 - Production
	Oracle Bequeath NT Protocol Adapter for Linux: Version 10.2.0.1.0 - Production
	TCP/IP NT Protocol Adapter for Linux: Version 10.2.0.1.0 - Production
  Time: 04-DEC-2008 04:47:59
  Tracing not turned on.
  Tns error struct:
    ns main err code: 12547
    TNS-12547: TNS:lost contact
    ns secondary err code: 12560
    nt main err code: 517
    TNS-00517: Lost contact
    nt secondary err code: 32
